I, [2015-08-18T15:30:43.192749 #4311]  INFO -- : Refreshing Gem list
/home/greg/workspace/McBlooms/config/initializers/mongoid.rb:2:in `<top (required)>': uninitialized constant BSON (NameError)
	from /home/greg/.rvm/gems/ruby-2.2.2@McBlooms/gems/railties-4.2.3/lib/rails/engine.rb:652:in `block in load_config_initializer'
	from /home/greg/.rvm/gems/ruby-2.2.2@McBlooms/gems/activesupport-4.2.3/lib/active_support/notifications.rb:166:in `instrument'
	from /home/greg/.rvm/gems/ruby-2.2.2@McBlooms/gems/railties-4.2.3/lib/rails/engine.rb:651:in `load_config_initializer'
	from /home/greg/.rvm/gems/ruby-2.2.2@McBlooms/gems/railties-4.2.3/lib/rails/engine.rb:616:in `block (2 levels) in <class:Engine>'
	from /home/greg/.rvm/gems/ruby-2.2.2@McBlooms/gems/railties-4.2.3/lib/rails/engine.rb:615:in `each'
	from /home/greg/.rvm/gems/ruby-2.2.2@McBlooms/gems/railties-4.2.3/lib/rails/engine.rb:615:in `block in <class:Engine>'
	from /home/greg/.rvm/gems/ruby-2.2.2@McBlooms/gems/railties-4.2.3/lib/rails/initializable.rb:30:in `instance_exec'
	from /home/greg/.rvm/gems/ruby-2.2.2@McBlooms/gems/railties-4.2.3/lib/rails/initializable.rb:30:in `run'
	from /home/greg/.rvm/gems/ruby-2.2.2@McBlooms/gems/railties-4.2.3/lib/rails/initializable.rb:55:in `block in run_initializers'
	from /home/greg/.rvm/rubies/ruby-2.2.2/lib/ruby/2.2.0/tsort.rb:226:in `block in tsort_each'
	from /home/greg/.rvm/rubies/ruby-2.2.2/lib/ruby/2.2.0/tsort.rb:348:in `block (2 levels) in each_strongly_connected_component'
	from /home/greg/.rvm/rubies/ruby-2.2.2/lib/ruby/2.2.0/tsort.rb:420:in `block (2 levels) in each_strongly_connected_component_from'
	from /home/greg/.rvm/rubies/ruby-2.2.2/lib/ruby/2.2.0/tsort.rb:429:in `each_strongly_connected_component_from'
	from /home/greg/.rvm/rubies/ruby-2.2.2/lib/ruby/2.2.0/tsort.rb:419:in `block in each_strongly_connected_component_from'
	from /home/greg/.rvm/gems/ruby-2.2.2@McBlooms/gems/railties-4.2.3/lib/rails/initializable.rb:44:in `each'
	from /home/greg/.rvm/gems/ruby-2.2.2@McBlooms/gems/railties-4.2.3/lib/rails/initializable.rb:44:in `tsort_each_child'
	from /home/greg/.rvm/rubies/ruby-2.2.2/lib/ruby/2.2.0/tsort.rb:413:in `call'
	from /home/greg/.rvm/rubies/ruby-2.2.2/lib/ruby/2.2.0/tsort.rb:413:in `each_strongly_connected_component_from'
	from /home/greg/.rvm/rubies/ruby-2.2.2/lib/ruby/2.2.0/tsort.rb:347:in `block in each_strongly_connected_component'
	from /home/greg/.rvm/rubies/ruby-2.2.2/lib/ruby/2.2.0/tsort.rb:345:in `each'
	from /home/greg/.rvm/rubies/ruby-2.2.2/lib/ruby/2.2.0/tsort.rb:345:in `call'
	from /home/greg/.rvm/rubies/ruby-2.2.2/lib/ruby/2.2.0/tsort.rb:345:in `each_strongly_connected_component'
	from /home/greg/.rvm/rubies/ruby-2.2.2/lib/ruby/2.2.0/tsort.rb:224:in `tsort_each'
	from /home/greg/.rvm/rubies/ruby-2.2.2/lib/ruby/2.2.0/tsort.rb:203:in `tsort_each'
	from /home/greg/.rvm/gems/ruby-2.2.2@McBlooms/gems/railties-4.2.3/lib/rails/initializable.rb:54:in `run_initializers'
	from /home/greg/.rvm/gems/ruby-2.2.2@McBlooms/gems/railties-4.2.3/lib/rails/application.rb:352:in `initialize!'
	from /home/greg/workspace/McBlooms/config/environment.rb:5:in `<top (required)>'
	from config.ru:4:in `require'
	from config.ru:4:in `block in <main>'
	from /home/greg/.rvm/gems/ruby-2.2.2@McBlooms/gems/rack-1.6.4/lib/rack/builder.rb:55:in `instance_eval'
	from /home/greg/.rvm/gems/ruby-2.2.2@McBlooms/gems/rack-1.6.4/lib/rack/builder.rb:55:in `initialize'
	from config.ru:1:in `new'
	from config.ru:1:in `<main>'
	from /home/greg/.rvm/gems/ruby-2.2.2@McBlooms/gems/unicorn-4.9.0/lib/unicorn.rb:48:in `eval'
	from /home/greg/.rvm/gems/ruby-2.2.2@McBlooms/gems/unicorn-4.9.0/lib/unicorn.rb:48:in `block in builder'
	from /home/greg/.rvm/gems/ruby-2.2.2@McBlooms/gems/unicorn-4.9.0/lib/unicorn/http_server.rb:768:in `call'
	from /home/greg/.rvm/gems/ruby-2.2.2@McBlooms/gems/unicorn-4.9.0/lib/unicorn/http_server.rb:768:in `build_app!'
	from /home/greg/.rvm/gems/ruby-2.2.2@McBlooms/gems/unicorn-4.9.0/lib/unicorn/http_server.rb:137:in `start'
	from /home/greg/.rvm/gems/ruby-2.2.2@McBlooms/gems/unicorn-4.9.0/bin/unicorn:126:in `<top (required)>'
	from /home/greg/.rvm/gems/ruby-2.2.2@McBlooms/bin/unicorn:23:in `load'
	from /home/greg/.rvm/gems/ruby-2.2.2@McBlooms/bin/unicorn:23:in `<main>'
	from /home/greg/.rvm/gems/ruby-2.2.2@McBlooms/bin/ruby_executable_hooks:15:in `eval'
	from /home/greg/.rvm/gems/ruby-2.2.2@McBlooms/bin/ruby_executable_hooks:15:in `<main>'
I, [2015-08-18T15:36:36.460299 #9469]  INFO -- : Refreshing Gem list
/home/greg/workspace/McBlooms/config/initializers/mongoid.rb:2:in `<top (required)>': uninitialized constant BSON (NameError)
	from /home/greg/.rvm/gems/ruby-2.2.2@McBlooms/gems/railties-4.2.3/lib/rails/engine.rb:652:in `block in load_config_initializer'
	from /home/greg/.rvm/gems/ruby-2.2.2@McBlooms/gems/activesupport-4.2.3/lib/active_support/notifications.rb:166:in `instrument'
	from /home/greg/.rvm/gems/ruby-2.2.2@McBlooms/gems/railties-4.2.3/lib/rails/engine.rb:651:in `load_config_initializer'
	from /home/greg/.rvm/gems/ruby-2.2.2@McBlooms/gems/railties-4.2.3/lib/rails/engine.rb:616:in `block (2 levels) in <class:Engine>'
	from /home/greg/.rvm/gems/ruby-2.2.2@McBlooms/gems/railties-4.2.3/lib/rails/engine.rb:615:in `each'
	from /home/greg/.rvm/gems/ruby-2.2.2@McBlooms/gems/railties-4.2.3/lib/rails/engine.rb:615:in `block in <class:Engine>'
	from /home/greg/.rvm/gems/ruby-2.2.2@McBlooms/gems/railties-4.2.3/lib/rails/initializable.rb:30:in `instance_exec'
	from /home/greg/.rvm/gems/ruby-2.2.2@McBlooms/gems/railties-4.2.3/lib/rails/initializable.rb:30:in `run'
	from /home/greg/.rvm/gems/ruby-2.2.2@McBlooms/gems/railties-4.2.3/lib/rails/initializable.rb:55:in `block in run_initializers'
	from /home/greg/.rvm/rubies/ruby-2.2.2/lib/ruby/2.2.0/tsort.rb:226:in `block in tsort_each'
	from /home/greg/.rvm/rubies/ruby-2.2.2/lib/ruby/2.2.0/tsort.rb:348:in `block (2 levels) in each_strongly_connected_component'
	from /home/greg/.rvm/rubies/ruby-2.2.2/lib/ruby/2.2.0/tsort.rb:420:in `block (2 levels) in each_strongly_connected_component_from'
	from /home/greg/.rvm/rubies/ruby-2.2.2/lib/ruby/2.2.0/tsort.rb:429:in `each_strongly_connected_component_from'
	from /home/greg/.rvm/rubies/ruby-2.2.2/lib/ruby/2.2.0/tsort.rb:419:in `block in each_strongly_connected_component_from'
	from /home/greg/.rvm/gems/ruby-2.2.2@McBlooms/gems/railties-4.2.3/lib/rails/initializable.rb:44:in `each'
	from /home/greg/.rvm/gems/ruby-2.2.2@McBlooms/gems/railties-4.2.3/lib/rails/initializable.rb:44:in `tsort_each_child'
	from /home/greg/.rvm/rubies/ruby-2.2.2/lib/ruby/2.2.0/tsort.rb:413:in `call'
	from /home/greg/.rvm/rubies/ruby-2.2.2/lib/ruby/2.2.0/tsort.rb:413:in `each_strongly_connected_component_from'
	from /home/greg/.rvm/rubies/ruby-2.2.2/lib/ruby/2.2.0/tsort.rb:347:in `block in each_strongly_connected_component'
	from /home/greg/.rvm/rubies/ruby-2.2.2/lib/ruby/2.2.0/tsort.rb:345:in `each'
	from /home/greg/.rvm/rubies/ruby-2.2.2/lib/ruby/2.2.0/tsort.rb:345:in `call'
	from /home/greg/.rvm/rubies/ruby-2.2.2/lib/ruby/2.2.0/tsort.rb:345:in `each_strongly_connected_component'
	from /home/greg/.rvm/rubies/ruby-2.2.2/lib/ruby/2.2.0/tsort.rb:224:in `tsort_each'
	from /home/greg/.rvm/rubies/ruby-2.2.2/lib/ruby/2.2.0/tsort.rb:203:in `tsort_each'
	from /home/greg/.rvm/gems/ruby-2.2.2@McBlooms/gems/railties-4.2.3/lib/rails/initializable.rb:54:in `run_initializers'
	from /home/greg/.rvm/gems/ruby-2.2.2@McBlooms/gems/railties-4.2.3/lib/rails/application.rb:352:in `initialize!'
	from /home/greg/workspace/McBlooms/config/environment.rb:5:in `<top (required)>'
	from config.ru:4:in `require'
	from config.ru:4:in `block in <main>'
	from /home/greg/.rvm/gems/ruby-2.2.2@McBlooms/gems/rack-1.6.4/lib/rack/builder.rb:55:in `instance_eval'
	from /home/greg/.rvm/gems/ruby-2.2.2@McBlooms/gems/rack-1.6.4/lib/rack/builder.rb:55:in `initialize'
	from config.ru:1:in `new'
	from config.ru:1:in `<main>'
	from /home/greg/.rvm/gems/ruby-2.2.2@McBlooms/gems/unicorn-4.9.0/lib/unicorn.rb:48:in `eval'
	from /home/greg/.rvm/gems/ruby-2.2.2@McBlooms/gems/unicorn-4.9.0/lib/unicorn.rb:48:in `block in builder'
	from /home/greg/.rvm/gems/ruby-2.2.2@McBlooms/gems/unicorn-4.9.0/lib/unicorn/http_server.rb:768:in `call'
	from /home/greg/.rvm/gems/ruby-2.2.2@McBlooms/gems/unicorn-4.9.0/lib/unicorn/http_server.rb:768:in `build_app!'
	from /home/greg/.rvm/gems/ruby-2.2.2@McBlooms/gems/unicorn-4.9.0/lib/unicorn/http_server.rb:137:in `start'
	from /home/greg/.rvm/gems/ruby-2.2.2@McBlooms/gems/unicorn-4.9.0/bin/unicorn:126:in `<top (required)>'
	from /home/greg/.rvm/gems/ruby-2.2.2@McBlooms/bin/unicorn:23:in `load'
	from /home/greg/.rvm/gems/ruby-2.2.2@McBlooms/bin/unicorn:23:in `<main>'
	from /home/greg/.rvm/gems/ruby-2.2.2@McBlooms/bin/ruby_executable_hooks:15:in `eval'
	from /home/greg/.rvm/gems/ruby-2.2.2@McBlooms/bin/ruby_executable_hooks:15:in `<main>'
I, [2015-08-18T15:45:14.183517 #16992]  INFO -- : Refreshing Gem list
/home/greg/workspace/McBlooms/config/initializers/mongoid.rb:2:in `<top (required)>': uninitialized constant BSON (NameError)
	from /home/greg/.rvm/gems/ruby-2.2.2@McBlooms/gems/railties-4.2.3/lib/rails/engine.rb:652:in `block in load_config_initializer'
	from /home/greg/.rvm/gems/ruby-2.2.2@McBlooms/gems/activesupport-4.2.3/lib/active_support/notifications.rb:166:in `instrument'
	from /home/greg/.rvm/gems/ruby-2.2.2@McBlooms/gems/railties-4.2.3/lib/rails/engine.rb:651:in `load_config_initializer'
	from /home/greg/.rvm/gems/ruby-2.2.2@McBlooms/gems/railties-4.2.3/lib/rails/engine.rb:616:in `block (2 levels) in <class:Engine>'
	from /home/greg/.rvm/gems/ruby-2.2.2@McBlooms/gems/railties-4.2.3/lib/rails/engine.rb:615:in `each'
	from /home/greg/.rvm/gems/ruby-2.2.2@McBlooms/gems/railties-4.2.3/lib/rails/engine.rb:615:in `block in <class:Engine>'
	from /home/greg/.rvm/gems/ruby-2.2.2@McBlooms/gems/railties-4.2.3/lib/rails/initializable.rb:30:in `instance_exec'
	from /home/greg/.rvm/gems/ruby-2.2.2@McBlooms/gems/railties-4.2.3/lib/rails/initializable.rb:30:in `run'
	from /home/greg/.rvm/gems/ruby-2.2.2@McBlooms/gems/railties-4.2.3/lib/rails/initializable.rb:55:in `block in run_initializers'
	from /home/greg/.rvm/rubies/ruby-2.2.2/lib/ruby/2.2.0/tsort.rb:226:in `block in tsort_each'
	from /home/greg/.rvm/rubies/ruby-2.2.2/lib/ruby/2.2.0/tsort.rb:348:in `block (2 levels) in each_strongly_connected_component'
	from /home/greg/.rvm/rubies/ruby-2.2.2/lib/ruby/2.2.0/tsort.rb:420:in `block (2 levels) in each_strongly_connected_component_from'
	from /home/greg/.rvm/rubies/ruby-2.2.2/lib/ruby/2.2.0/tsort.rb:429:in `each_strongly_connected_component_from'
	from /home/greg/.rvm/rubies/ruby-2.2.2/lib/ruby/2.2.0/tsort.rb:419:in `block in each_strongly_connected_component_from'
	from /home/greg/.rvm/gems/ruby-2.2.2@McBlooms/gems/railties-4.2.3/lib/rails/initializable.rb:44:in `each'
	from /home/greg/.rvm/gems/ruby-2.2.2@McBlooms/gems/railties-4.2.3/lib/rails/initializable.rb:44:in `tsort_each_child'
	from /home/greg/.rvm/rubies/ruby-2.2.2/lib/ruby/2.2.0/tsort.rb:413:in `call'
	from /home/greg/.rvm/rubies/ruby-2.2.2/lib/ruby/2.2.0/tsort.rb:413:in `each_strongly_connected_component_from'
	from /home/greg/.rvm/rubies/ruby-2.2.2/lib/ruby/2.2.0/tsort.rb:347:in `block in each_strongly_connected_component'
	from /home/greg/.rvm/rubies/ruby-2.2.2/lib/ruby/2.2.0/tsort.rb:345:in `each'
	from /home/greg/.rvm/rubies/ruby-2.2.2/lib/ruby/2.2.0/tsort.rb:345:in `call'
	from /home/greg/.rvm/rubies/ruby-2.2.2/lib/ruby/2.2.0/tsort.rb:345:in `each_strongly_connected_component'
	from /home/greg/.rvm/rubies/ruby-2.2.2/lib/ruby/2.2.0/tsort.rb:224:in `tsort_each'
	from /home/greg/.rvm/rubies/ruby-2.2.2/lib/ruby/2.2.0/tsort.rb:203:in `tsort_each'
	from /home/greg/.rvm/gems/ruby-2.2.2@McBlooms/gems/railties-4.2.3/lib/rails/initializable.rb:54:in `run_initializers'
	from /home/greg/.rvm/gems/ruby-2.2.2@McBlooms/gems/railties-4.2.3/lib/rails/application.rb:352:in `initialize!'
	from /home/greg/workspace/McBlooms/config/environment.rb:5:in `<top (required)>'
	from config.ru:4:in `require'
	from config.ru:4:in `block in <main>'
	from /home/greg/.rvm/gems/ruby-2.2.2@McBlooms/gems/rack-1.6.4/lib/rack/builder.rb:55:in `instance_eval'
	from /home/greg/.rvm/gems/ruby-2.2.2@McBlooms/gems/rack-1.6.4/lib/rack/builder.rb:55:in `initialize'
	from config.ru:1:in `new'
	from config.ru:1:in `<main>'
	from /home/greg/.rvm/gems/ruby-2.2.2@McBlooms/gems/unicorn-4.9.0/lib/unicorn.rb:48:in `eval'
	from /home/greg/.rvm/gems/ruby-2.2.2@McBlooms/gems/unicorn-4.9.0/lib/unicorn.rb:48:in `block in builder'
	from /home/greg/.rvm/gems/ruby-2.2.2@McBlooms/gems/unicorn-4.9.0/lib/unicorn/http_server.rb:768:in `call'
	from /home/greg/.rvm/gems/ruby-2.2.2@McBlooms/gems/unicorn-4.9.0/lib/unicorn/http_server.rb:768:in `build_app!'
	from /home/greg/.rvm/gems/ruby-2.2.2@McBlooms/gems/unicorn-4.9.0/lib/unicorn/http_server.rb:137:in `start'
	from /home/greg/.rvm/gems/ruby-2.2.2@McBlooms/gems/unicorn-4.9.0/bin/unicorn:126:in `<top (required)>'
	from /home/greg/.rvm/gems/ruby-2.2.2@McBlooms/bin/unicorn:23:in `load'
	from /home/greg/.rvm/gems/ruby-2.2.2@McBlooms/bin/unicorn:23:in `<main>'
	from /home/greg/.rvm/gems/ruby-2.2.2@McBlooms/bin/ruby_executable_hooks:15:in `eval'
	from /home/greg/.rvm/gems/ruby-2.2.2@McBlooms/bin/ruby_executable_hooks:15:in `<main>'
I, [2015-08-18T15:47:43.886461 #19244]  INFO -- : Refreshing Gem list
/home/greg/workspace/McBlooms/config/initializers/mongoid.rb:2:in `<top (required)>': uninitialized constant BSON (NameError)
	from /home/greg/.rvm/gems/ruby-2.2.2@McBlooms/gems/railties-4.2.3/lib/rails/engine.rb:652:in `block in load_config_initializer'
	from /home/greg/.rvm/gems/ruby-2.2.2@McBlooms/gems/activesupport-4.2.3/lib/active_support/notifications.rb:166:in `instrument'
	from /home/greg/.rvm/gems/ruby-2.2.2@McBlooms/gems/railties-4.2.3/lib/rails/engine.rb:651:in `load_config_initializer'
	from /home/greg/.rvm/gems/ruby-2.2.2@McBlooms/gems/railties-4.2.3/lib/rails/engine.rb:616:in `block (2 levels) in <class:Engine>'
	from /home/greg/.rvm/gems/ruby-2.2.2@McBlooms/gems/railties-4.2.3/lib/rails/engine.rb:615:in `each'
	from /home/greg/.rvm/gems/ruby-2.2.2@McBlooms/gems/railties-4.2.3/lib/rails/engine.rb:615:in `block in <class:Engine>'
	from /home/greg/.rvm/gems/ruby-2.2.2@McBlooms/gems/railties-4.2.3/lib/rails/initializable.rb:30:in `instance_exec'
	from /home/greg/.rvm/gems/ruby-2.2.2@McBlooms/gems/railties-4.2.3/lib/rails/initializable.rb:30:in `run'
	from /home/greg/.rvm/gems/ruby-2.2.2@McBlooms/gems/railties-4.2.3/lib/rails/initializable.rb:55:in `block in run_initializers'
	from /home/greg/.rvm/rubies/ruby-2.2.2/lib/ruby/2.2.0/tsort.rb:226:in `block in tsort_each'
	from /home/greg/.rvm/rubies/ruby-2.2.2/lib/ruby/2.2.0/tsort.rb:348:in `block (2 levels) in each_strongly_connected_component'
	from /home/greg/.rvm/rubies/ruby-2.2.2/lib/ruby/2.2.0/tsort.rb:420:in `block (2 levels) in each_strongly_connected_component_from'
	from /home/greg/.rvm/rubies/ruby-2.2.2/lib/ruby/2.2.0/tsort.rb:429:in `each_strongly_connected_component_from'
	from /home/greg/.rvm/rubies/ruby-2.2.2/lib/ruby/2.2.0/tsort.rb:419:in `block in each_strongly_connected_component_from'
	from /home/greg/.rvm/gems/ruby-2.2.2@McBlooms/gems/railties-4.2.3/lib/rails/initializable.rb:44:in `each'
	from /home/greg/.rvm/gems/ruby-2.2.2@McBlooms/gems/railties-4.2.3/lib/rails/initializable.rb:44:in `tsort_each_child'
	from /home/greg/.rvm/rubies/ruby-2.2.2/lib/ruby/2.2.0/tsort.rb:413:in `call'
	from /home/greg/.rvm/rubies/ruby-2.2.2/lib/ruby/2.2.0/tsort.rb:413:in `each_strongly_connected_component_from'
	from /home/greg/.rvm/rubies/ruby-2.2.2/lib/ruby/2.2.0/tsort.rb:347:in `block in each_strongly_connected_component'
	from /home/greg/.rvm/rubies/ruby-2.2.2/lib/ruby/2.2.0/tsort.rb:345:in `each'
	from /home/greg/.rvm/rubies/ruby-2.2.2/lib/ruby/2.2.0/tsort.rb:345:in `call'
	from /home/greg/.rvm/rubies/ruby-2.2.2/lib/ruby/2.2.0/tsort.rb:345:in `each_strongly_connected_component'
	from /home/greg/.rvm/rubies/ruby-2.2.2/lib/ruby/2.2.0/tsort.rb:224:in `tsort_each'
	from /home/greg/.rvm/rubies/ruby-2.2.2/lib/ruby/2.2.0/tsort.rb:203:in `tsort_each'
	from /home/greg/.rvm/gems/ruby-2.2.2@McBlooms/gems/railties-4.2.3/lib/rails/initializable.rb:54:in `run_initializers'
	from /home/greg/.rvm/gems/ruby-2.2.2@McBlooms/gems/railties-4.2.3/lib/rails/application.rb:352:in `initialize!'
	from /home/greg/workspace/McBlooms/config/environment.rb:5:in `<top (required)>'
	from config.ru:4:in `require'
	from config.ru:4:in `block in <main>'
	from /home/greg/.rvm/gems/ruby-2.2.2@McBlooms/gems/rack-1.6.4/lib/rack/builder.rb:55:in `instance_eval'
	from /home/greg/.rvm/gems/ruby-2.2.2@McBlooms/gems/rack-1.6.4/lib/rack/builder.rb:55:in `initialize'
	from config.ru:1:in `new'
	from config.ru:1:in `<main>'
	from /home/greg/.rvm/gems/ruby-2.2.2@McBlooms/gems/unicorn-4.9.0/lib/unicorn.rb:48:in `eval'
	from /home/greg/.rvm/gems/ruby-2.2.2@McBlooms/gems/unicorn-4.9.0/lib/unicorn.rb:48:in `block in builder'
	from /home/greg/.rvm/gems/ruby-2.2.2@McBlooms/gems/unicorn-4.9.0/lib/unicorn/http_server.rb:768:in `call'
	from /home/greg/.rvm/gems/ruby-2.2.2@McBlooms/gems/unicorn-4.9.0/lib/unicorn/http_server.rb:768:in `build_app!'
	from /home/greg/.rvm/gems/ruby-2.2.2@McBlooms/gems/unicorn-4.9.0/lib/unicorn/http_server.rb:137:in `start'
	from /home/greg/.rvm/gems/ruby-2.2.2@McBlooms/gems/unicorn-4.9.0/bin/unicorn:126:in `<top (required)>'
	from /home/greg/.rvm/gems/ruby-2.2.2@McBlooms/bin/unicorn:23:in `load'
	from /home/greg/.rvm/gems/ruby-2.2.2@McBlooms/bin/unicorn:23:in `<main>'
	from /home/greg/.rvm/gems/ruby-2.2.2@McBlooms/bin/ruby_executable_hooks:15:in `eval'
	from /home/greg/.rvm/gems/ruby-2.2.2@McBlooms/bin/ruby_executable_hooks:15:in `<main>'
I, [2015-08-18T16:02:21.234304 #31808]  INFO -- : Refreshing Gem list
/home/greg/workspace/McBlooms/config/initializers/mongoid.rb:2: warning: already initialized constant Moped::BSON
/home/greg/workspace/McBlooms/config/application.rb:6: warning: previous definition of BSON was here
/home/greg/workspace/McBlooms/app/helpers/menu_helper.rb:2: warning: circular argument reference - request
/home/greg/.rvm/gems/ruby-2.2.2@McBlooms/gems/actionpack-4.2.3/lib/action_controller/metal/mime_responds.rb:9:in `respond_to': The controller-level `respond_to' feature has been extracted to the `responders` gem. Add it to your Gemfile to continue using this feature: (NoMethodError)
  gem 'responders', '~> 2.0'
Consult the Rails upgrade guide for details.
	from /home/greg/workspace/McBlooms/app/controllers/addresses_controller.rb:2:in `<class:AddressesController>'
	from /home/greg/workspace/McBlooms/app/controllers/addresses_controller.rb:1:in `<top (required)>'
	from /home/greg/.rvm/gems/ruby-2.2.2@McBlooms/gems/activesupport-4.2.3/lib/active_support/dependencies.rb:360:in `require'
	from /home/greg/.rvm/gems/ruby-2.2.2@McBlooms/gems/activesupport-4.2.3/lib/active_support/dependencies.rb:360:in `require_or_load'
	from /home/greg/.rvm/gems/ruby-2.2.2@McBlooms/gems/activesupport-4.2.3/lib/active_support/dependencies.rb:317:in `depend_on'
	from /home/greg/.rvm/gems/ruby-2.2.2@McBlooms/gems/activesupport-4.2.3/lib/active_support/dependencies.rb:233:in `require_dependency'
	from /home/greg/.rvm/gems/ruby-2.2.2@McBlooms/gems/railties-4.2.3/lib/rails/engine.rb:472:in `block (2 levels) in eager_load!'
	from /home/greg/.rvm/gems/ruby-2.2.2@McBlooms/gems/railties-4.2.3/lib/rails/engine.rb:471:in `each'
	from /home/greg/.rvm/gems/ruby-2.2.2@McBlooms/gems/railties-4.2.3/lib/rails/engine.rb:471:in `block in eager_load!'
	from /home/greg/.rvm/gems/ruby-2.2.2@McBlooms/gems/railties-4.2.3/lib/rails/engine.rb:469:in `each'
	from /home/greg/.rvm/gems/ruby-2.2.2@McBlooms/gems/railties-4.2.3/lib/rails/engine.rb:469:in `eager_load!'
	from /home/greg/.rvm/gems/ruby-2.2.2@McBlooms/gems/railties-4.2.3/lib/rails/engine.rb:346:in `eager_load!'
	from /home/greg/.rvm/gems/ruby-2.2.2@McBlooms/gems/railties-4.2.3/lib/rails/application/finisher.rb:56:in `each'
	from /home/greg/.rvm/gems/ruby-2.2.2@McBlooms/gems/railties-4.2.3/lib/rails/application/finisher.rb:56:in `block in <module:Finisher>'
	from /home/greg/.rvm/gems/ruby-2.2.2@McBlooms/gems/railties-4.2.3/lib/rails/initializable.rb:30:in `instance_exec'
	from /home/greg/.rvm/gems/ruby-2.2.2@McBlooms/gems/railties-4.2.3/lib/rails/initializable.rb:30:in `run'
	from /home/greg/.rvm/gems/ruby-2.2.2@McBlooms/gems/railties-4.2.3/lib/rails/initializable.rb:55:in `block in run_initializers'
	from /home/greg/.rvm/rubies/ruby-2.2.2/lib/ruby/2.2.0/tsort.rb:226:in `block in tsort_each'
	from /home/greg/.rvm/rubies/ruby-2.2.2/lib/ruby/2.2.0/tsort.rb:348:in `block (2 levels) in each_strongly_connected_component'
	from /home/greg/.rvm/rubies/ruby-2.2.2/lib/ruby/2.2.0/tsort.rb:429:in `each_strongly_connected_component_from'
	from /home/greg/.rvm/rubies/ruby-2.2.2/lib/ruby/2.2.0/tsort.rb:347:in `block in each_strongly_connected_component'
	from /home/greg/.rvm/rubies/ruby-2.2.2/lib/ruby/2.2.0/tsort.rb:345:in `each'
	from /home/greg/.rvm/rubies/ruby-2.2.2/lib/ruby/2.2.0/tsort.rb:345:in `call'
	from /home/greg/.rvm/rubies/ruby-2.2.2/lib/ruby/2.2.0/tsort.rb:345:in `each_strongly_connected_component'
	from /home/greg/.rvm/rubies/ruby-2.2.2/lib/ruby/2.2.0/tsort.rb:224:in `tsort_each'
	from /home/greg/.rvm/rubies/ruby-2.2.2/lib/ruby/2.2.0/tsort.rb:203:in `tsort_each'
	from /home/greg/.rvm/gems/ruby-2.2.2@McBlooms/gems/railties-4.2.3/lib/rails/initializable.rb:54:in `run_initializers'
	from /home/greg/.rvm/gems/ruby-2.2.2@McBlooms/gems/railties-4.2.3/lib/rails/application.rb:352:in `initialize!'
	from /home/greg/workspace/McBlooms/config/environment.rb:5:in `<top (required)>'
	from config.ru:4:in `require'
	from config.ru:4:in `block in <main>'
	from /home/greg/.rvm/gems/ruby-2.2.2@McBlooms/gems/rack-1.6.4/lib/rack/builder.rb:55:in `instance_eval'
	from /home/greg/.rvm/gems/ruby-2.2.2@McBlooms/gems/rack-1.6.4/lib/rack/builder.rb:55:in `initialize'
	from config.ru:1:in `new'
	from config.ru:1:in `<main>'
	from /home/greg/.rvm/gems/ruby-2.2.2@McBlooms/gems/unicorn-4.9.0/lib/unicorn.rb:48:in `eval'
	from /home/greg/.rvm/gems/ruby-2.2.2@McBlooms/gems/unicorn-4.9.0/lib/unicorn.rb:48:in `block in builder'
	from /home/greg/.rvm/gems/ruby-2.2.2@McBlooms/gems/unicorn-4.9.0/lib/unicorn/http_server.rb:768:in `call'
	from /home/greg/.rvm/gems/ruby-2.2.2@McBlooms/gems/unicorn-4.9.0/lib/unicorn/http_server.rb:768:in `build_app!'
	from /home/greg/.rvm/gems/ruby-2.2.2@McBlooms/gems/unicorn-4.9.0/lib/unicorn/http_server.rb:137:in `start'
	from /home/greg/.rvm/gems/ruby-2.2.2@McBlooms/gems/unicorn-4.9.0/bin/unicorn:126:in `<top (required)>'
	from /home/greg/.rvm/gems/ruby-2.2.2@McBlooms/bin/unicorn:23:in `load'
	from /home/greg/.rvm/gems/ruby-2.2.2@McBlooms/bin/unicorn:23:in `<main>'
	from /home/greg/.rvm/gems/ruby-2.2.2@McBlooms/bin/ruby_executable_hooks:15:in `eval'
	from /home/greg/.rvm/gems/ruby-2.2.2@McBlooms/bin/ruby_executable_hooks:15:in `<main>'
I, [2015-08-18T16:07:00.536829 #3538]  INFO -- : Refreshing Gem list
/home/greg/workspace/McBlooms/app/helpers/menu_helper.rb:2: warning: circular argument reference - request
/home/greg/.rvm/gems/ruby-2.2.2@McBlooms/gems/actionpack-4.2.3/lib/action_controller/metal/mime_responds.rb:9:in `respond_to': The controller-level `respond_to' feature has been extracted to the `responders` gem. Add it to your Gemfile to continue using this feature: (NoMethodError)
  gem 'responders', '~> 2.0'
Consult the Rails upgrade guide for details.
	from /home/greg/workspace/McBlooms/app/controllers/addresses_controller.rb:2:in `<class:AddressesController>'
	from /home/greg/workspace/McBlooms/app/controllers/addresses_controller.rb:1:in `<top (required)>'
	from /home/greg/.rvm/gems/ruby-2.2.2@McBlooms/gems/activesupport-4.2.3/lib/active_support/dependencies.rb:360:in `require'
	from /home/greg/.rvm/gems/ruby-2.2.2@McBlooms/gems/activesupport-4.2.3/lib/active_support/dependencies.rb:360:in `require_or_load'
	from /home/greg/.rvm/gems/ruby-2.2.2@McBlooms/gems/activesupport-4.2.3/lib/active_support/dependencies.rb:317:in `depend_on'
	from /home/greg/.rvm/gems/ruby-2.2.2@McBlooms/gems/activesupport-4.2.3/lib/active_support/dependencies.rb:233:in `require_dependency'
	from /home/greg/.rvm/gems/ruby-2.2.2@McBlooms/gems/railties-4.2.3/lib/rails/engine.rb:472:in `block (2 levels) in eager_load!'
	from /home/greg/.rvm/gems/ruby-2.2.2@McBlooms/gems/railties-4.2.3/lib/rails/engine.rb:471:in `each'
	from /home/greg/.rvm/gems/ruby-2.2.2@McBlooms/gems/railties-4.2.3/lib/rails/engine.rb:471:in `block in eager_load!'
	from /home/greg/.rvm/gems/ruby-2.2.2@McBlooms/gems/railties-4.2.3/lib/rails/engine.rb:469:in `each'
	from /home/greg/.rvm/gems/ruby-2.2.2@McBlooms/gems/railties-4.2.3/lib/rails/engine.rb:469:in `eager_load!'
	from /home/greg/.rvm/gems/ruby-2.2.2@McBlooms/gems/railties-4.2.3/lib/rails/engine.rb:346:in `eager_load!'
	from /home/greg/.rvm/gems/ruby-2.2.2@McBlooms/gems/railties-4.2.3/lib/rails/application/finisher.rb:56:in `each'
	from /home/greg/.rvm/gems/ruby-2.2.2@McBlooms/gems/railties-4.2.3/lib/rails/application/finisher.rb:56:in `block in <module:Finisher>'
	from /home/greg/.rvm/gems/ruby-2.2.2@McBlooms/gems/railties-4.2.3/lib/rails/initializable.rb:30:in `instance_exec'
	from /home/greg/.rvm/gems/ruby-2.2.2@McBlooms/gems/railties-4.2.3/lib/rails/initializable.rb:30:in `run'
	from /home/greg/.rvm/gems/ruby-2.2.2@McBlooms/gems/railties-4.2.3/lib/rails/initializable.rb:55:in `block in run_initializers'
	from /home/greg/.rvm/rubies/ruby-2.2.2/lib/ruby/2.2.0/tsort.rb:226:in `block in tsort_each'
	from /home/greg/.rvm/rubies/ruby-2.2.2/lib/ruby/2.2.0/tsort.rb:348:in `block (2 levels) in each_strongly_connected_component'
	from /home/greg/.rvm/rubies/ruby-2.2.2/lib/ruby/2.2.0/tsort.rb:429:in `each_strongly_connected_component_from'
	from /home/greg/.rvm/rubies/ruby-2.2.2/lib/ruby/2.2.0/tsort.rb:347:in `block in each_strongly_connected_component'
	from /home/greg/.rvm/rubies/ruby-2.2.2/lib/ruby/2.2.0/tsort.rb:345:in `each'
	from /home/greg/.rvm/rubies/ruby-2.2.2/lib/ruby/2.2.0/tsort.rb:345:in `call'
	from /home/greg/.rvm/rubies/ruby-2.2.2/lib/ruby/2.2.0/tsort.rb:345:in `each_strongly_connected_component'
	from /home/greg/.rvm/rubies/ruby-2.2.2/lib/ruby/2.2.0/tsort.rb:224:in `tsort_each'
	from /home/greg/.rvm/rubies/ruby-2.2.2/lib/ruby/2.2.0/tsort.rb:203:in `tsort_each'
	from /home/greg/.rvm/gems/ruby-2.2.2@McBlooms/gems/railties-4.2.3/lib/rails/initializable.rb:54:in `run_initializers'
	from /home/greg/.rvm/gems/ruby-2.2.2@McBlooms/gems/railties-4.2.3/lib/rails/application.rb:352:in `initialize!'
	from /home/greg/workspace/McBlooms/config/environment.rb:5:in `<top (required)>'
	from config.ru:4:in `require'
	from config.ru:4:in `block in <main>'
	from /home/greg/.rvm/gems/ruby-2.2.2@McBlooms/gems/rack-1.6.4/lib/rack/builder.rb:55:in `instance_eval'
	from /home/greg/.rvm/gems/ruby-2.2.2@McBlooms/gems/rack-1.6.4/lib/rack/builder.rb:55:in `initialize'
	from config.ru:1:in `new'
	from config.ru:1:in `<main>'
	from /home/greg/.rvm/gems/ruby-2.2.2@McBlooms/gems/unicorn-4.9.0/lib/unicorn.rb:48:in `eval'
	from /home/greg/.rvm/gems/ruby-2.2.2@McBlooms/gems/unicorn-4.9.0/lib/unicorn.rb:48:in `block in builder'
	from /home/greg/.rvm/gems/ruby-2.2.2@McBlooms/gems/unicorn-4.9.0/lib/unicorn/http_server.rb:768:in `call'
	from /home/greg/.rvm/gems/ruby-2.2.2@McBlooms/gems/unicorn-4.9.0/lib/unicorn/http_server.rb:768:in `build_app!'
	from /home/greg/.rvm/gems/ruby-2.2.2@McBlooms/gems/unicorn-4.9.0/lib/unicorn/http_server.rb:137:in `start'
	from /home/greg/.rvm/gems/ruby-2.2.2@McBlooms/gems/unicorn-4.9.0/bin/unicorn:126:in `<top (required)>'
	from /home/greg/.rvm/gems/ruby-2.2.2@McBlooms/bin/unicorn:23:in `load'
	from /home/greg/.rvm/gems/ruby-2.2.2@McBlooms/bin/unicorn:23:in `<main>'
	from /home/greg/.rvm/gems/ruby-2.2.2@McBlooms/bin/ruby_executable_hooks:15:in `eval'
	from /home/greg/.rvm/gems/ruby-2.2.2@McBlooms/bin/ruby_executable_hooks:15:in `<main>'
I, [2015-08-18T16:18:23.719440 #13751]  INFO -- : Refreshing Gem list
/home/greg/workspace/McBlooms/app/helpers/menu_helper.rb:2: warning: circular argument reference - request
/home/greg/workspace/McBlooms/app/controllers/categories_controller.rb:2:in `<class:CategoriesController>': undefined method `load_and_authorize_resource' for CategoriesController:Class (NoMethodError)
	from /home/greg/workspace/McBlooms/app/controllers/categories_controller.rb:1:in `<top (required)>'
	from /home/greg/.rvm/gems/ruby-2.2.2@McBlooms/gems/activesupport-4.2.3/lib/active_support/dependencies.rb:360:in `require'
	from /home/greg/.rvm/gems/ruby-2.2.2@McBlooms/gems/activesupport-4.2.3/lib/active_support/dependencies.rb:360:in `require_or_load'
	from /home/greg/.rvm/gems/ruby-2.2.2@McBlooms/gems/activesupport-4.2.3/lib/active_support/dependencies.rb:317:in `depend_on'
	from /home/greg/.rvm/gems/ruby-2.2.2@McBlooms/gems/activesupport-4.2.3/lib/active_support/dependencies.rb:233:in `require_dependency'
	from /home/greg/.rvm/gems/ruby-2.2.2@McBlooms/gems/railties-4.2.3/lib/rails/engine.rb:472:in `block (2 levels) in eager_load!'
	from /home/greg/.rvm/gems/ruby-2.2.2@McBlooms/gems/railties-4.2.3/lib/rails/engine.rb:471:in `each'
	from /home/greg/.rvm/gems/ruby-2.2.2@McBlooms/gems/railties-4.2.3/lib/rails/engine.rb:471:in `block in eager_load!'
	from /home/greg/.rvm/gems/ruby-2.2.2@McBlooms/gems/railties-4.2.3/lib/rails/engine.rb:469:in `each'
	from /home/greg/.rvm/gems/ruby-2.2.2@McBlooms/gems/railties-4.2.3/lib/rails/engine.rb:469:in `eager_load!'
	from /home/greg/.rvm/gems/ruby-2.2.2@McBlooms/gems/railties-4.2.3/lib/rails/engine.rb:346:in `eager_load!'
	from /home/greg/.rvm/gems/ruby-2.2.2@McBlooms/gems/railties-4.2.3/lib/rails/application/finisher.rb:56:in `each'
	from /home/greg/.rvm/gems/ruby-2.2.2@McBlooms/gems/railties-4.2.3/lib/rails/application/finisher.rb:56:in `block in <module:Finisher>'
	from /home/greg/.rvm/gems/ruby-2.2.2@McBlooms/gems/railties-4.2.3/lib/rails/initializable.rb:30:in `instance_exec'
	from /home/greg/.rvm/gems/ruby-2.2.2@McBlooms/gems/railties-4.2.3/lib/rails/initializable.rb:30:in `run'
	from /home/greg/.rvm/gems/ruby-2.2.2@McBlooms/gems/railties-4.2.3/lib/rails/initializable.rb:55:in `block in run_initializers'
	from /home/greg/.rvm/rubies/ruby-2.2.2/lib/ruby/2.2.0/tsort.rb:226:in `block in tsort_each'
	from /home/greg/.rvm/rubies/ruby-2.2.2/lib/ruby/2.2.0/tsort.rb:348:in `block (2 levels) in each_strongly_connected_component'
	from /home/greg/.rvm/rubies/ruby-2.2.2/lib/ruby/2.2.0/tsort.rb:429:in `each_strongly_connected_component_from'
	from /home/greg/.rvm/rubies/ruby-2.2.2/lib/ruby/2.2.0/tsort.rb:347:in `block in each_strongly_connected_component'
	from /home/greg/.rvm/rubies/ruby-2.2.2/lib/ruby/2.2.0/tsort.rb:345:in `each'
	from /home/greg/.rvm/rubies/ruby-2.2.2/lib/ruby/2.2.0/tsort.rb:345:in `call'
	from /home/greg/.rvm/rubies/ruby-2.2.2/lib/ruby/2.2.0/tsort.rb:345:in `each_strongly_connected_component'
	from /home/greg/.rvm/rubies/ruby-2.2.2/lib/ruby/2.2.0/tsort.rb:224:in `tsort_each'
	from /home/greg/.rvm/rubies/ruby-2.2.2/lib/ruby/2.2.0/tsort.rb:203:in `tsort_each'
	from /home/greg/.rvm/gems/ruby-2.2.2@McBlooms/gems/railties-4.2.3/lib/rails/initializable.rb:54:in `run_initializers'
	from /home/greg/.rvm/gems/ruby-2.2.2@McBlooms/gems/railties-4.2.3/lib/rails/application.rb:352:in `initialize!'
	from /home/greg/workspace/McBlooms/config/environment.rb:5:in `<top (required)>'
	from config.ru:4:in `require'
	from config.ru:4:in `block in <main>'
	from /home/greg/.rvm/gems/ruby-2.2.2@McBlooms/gems/rack-1.6.4/lib/rack/builder.rb:55:in `instance_eval'
	from /home/greg/.rvm/gems/ruby-2.2.2@McBlooms/gems/rack-1.6.4/lib/rack/builder.rb:55:in `initialize'
	from config.ru:1:in `new'
	from config.ru:1:in `<main>'
	from /home/greg/.rvm/gems/ruby-2.2.2@McBlooms/gems/unicorn-4.9.0/lib/unicorn.rb:48:in `eval'
	from /home/greg/.rvm/gems/ruby-2.2.2@McBlooms/gems/unicorn-4.9.0/lib/unicorn.rb:48:in `block in builder'
	from /home/greg/.rvm/gems/ruby-2.2.2@McBlooms/gems/unicorn-4.9.0/lib/unicorn/http_server.rb:768:in `call'
	from /home/greg/.rvm/gems/ruby-2.2.2@McBlooms/gems/unicorn-4.9.0/lib/unicorn/http_server.rb:768:in `build_app!'
	from /home/greg/.rvm/gems/ruby-2.2.2@McBlooms/gems/unicorn-4.9.0/lib/unicorn/http_server.rb:137:in `start'
	from /home/greg/.rvm/gems/ruby-2.2.2@McBlooms/gems/unicorn-4.9.0/bin/unicorn:126:in `<top (required)>'
	from /home/greg/.rvm/gems/ruby-2.2.2@McBlooms/bin/unicorn:23:in `load'
	from /home/greg/.rvm/gems/ruby-2.2.2@McBlooms/bin/unicorn:23:in `<main>'
	from /home/greg/.rvm/gems/ruby-2.2.2@McBlooms/bin/ruby_executable_hooks:15:in `eval'
	from /home/greg/.rvm/gems/ruby-2.2.2@McBlooms/bin/ruby_executable_hooks:15:in `<main>'
I, [2015-08-19T11:18:21.866204 #1602]  INFO -- : Refreshing Gem list
/home/greg/workspace/McBlooms/app/helpers/menu_helper.rb:2: warning: circular argument reference - request
/home/greg/workspace/McBlooms/app/controllers/categories_controller.rb:2:in `<class:CategoriesController>': undefined method `load_and_authorize_resource' for CategoriesController:Class (NoMethodError)
	from /home/greg/workspace/McBlooms/app/controllers/categories_controller.rb:1:in `<top (required)>'
	from /home/greg/.rvm/gems/ruby-2.2.2@McBlooms/gems/activesupport-4.2.3/lib/active_support/dependencies.rb:360:in `require'
	from /home/greg/.rvm/gems/ruby-2.2.2@McBlooms/gems/activesupport-4.2.3/lib/active_support/dependencies.rb:360:in `require_or_load'
	from /home/greg/.rvm/gems/ruby-2.2.2@McBlooms/gems/activesupport-4.2.3/lib/active_support/dependencies.rb:317:in `depend_on'
	from /home/greg/.rvm/gems/ruby-2.2.2@McBlooms/gems/activesupport-4.2.3/lib/active_support/dependencies.rb:233:in `require_dependency'
	from /home/greg/.rvm/gems/ruby-2.2.2@McBlooms/gems/railties-4.2.3/lib/rails/engine.rb:472:in `block (2 levels) in eager_load!'
	from /home/greg/.rvm/gems/ruby-2.2.2@McBlooms/gems/railties-4.2.3/lib/rails/engine.rb:471:in `each'
	from /home/greg/.rvm/gems/ruby-2.2.2@McBlooms/gems/railties-4.2.3/lib/rails/engine.rb:471:in `block in eager_load!'
	from /home/greg/.rvm/gems/ruby-2.2.2@McBlooms/gems/railties-4.2.3/lib/rails/engine.rb:469:in `each'
	from /home/greg/.rvm/gems/ruby-2.2.2@McBlooms/gems/railties-4.2.3/lib/rails/engine.rb:469:in `eager_load!'
	from /home/greg/.rvm/gems/ruby-2.2.2@McBlooms/gems/railties-4.2.3/lib/rails/engine.rb:346:in `eager_load!'
	from /home/greg/.rvm/gems/ruby-2.2.2@McBlooms/gems/railties-4.2.3/lib/rails/application/finisher.rb:56:in `each'
	from /home/greg/.rvm/gems/ruby-2.2.2@McBlooms/gems/railties-4.2.3/lib/rails/application/finisher.rb:56:in `block in <module:Finisher>'
	from /home/greg/.rvm/gems/ruby-2.2.2@McBlooms/gems/railties-4.2.3/lib/rails/initializable.rb:30:in `instance_exec'
	from /home/greg/.rvm/gems/ruby-2.2.2@McBlooms/gems/railties-4.2.3/lib/rails/initializable.rb:30:in `run'
	from /home/greg/.rvm/gems/ruby-2.2.2@McBlooms/gems/railties-4.2.3/lib/rails/initializable.rb:55:in `block in run_initializers'
	from /home/greg/.rvm/rubies/ruby-2.2.2/lib/ruby/2.2.0/tsort.rb:226:in `block in tsort_each'
	from /home/greg/.rvm/rubies/ruby-2.2.2/lib/ruby/2.2.0/tsort.rb:348:in `block (2 levels) in each_strongly_connected_component'
	from /home/greg/.rvm/rubies/ruby-2.2.2/lib/ruby/2.2.0/tsort.rb:429:in `each_strongly_connected_component_from'
	from /home/greg/.rvm/rubies/ruby-2.2.2/lib/ruby/2.2.0/tsort.rb:347:in `block in each_strongly_connected_component'
	from /home/greg/.rvm/rubies/ruby-2.2.2/lib/ruby/2.2.0/tsort.rb:345:in `each'
	from /home/greg/.rvm/rubies/ruby-2.2.2/lib/ruby/2.2.0/tsort.rb:345:in `call'
	from /home/greg/.rvm/rubies/ruby-2.2.2/lib/ruby/2.2.0/tsort.rb:345:in `each_strongly_connected_component'
	from /home/greg/.rvm/rubies/ruby-2.2.2/lib/ruby/2.2.0/tsort.rb:224:in `tsort_each'
	from /home/greg/.rvm/rubies/ruby-2.2.2/lib/ruby/2.2.0/tsort.rb:203:in `tsort_each'
	from /home/greg/.rvm/gems/ruby-2.2.2@McBlooms/gems/railties-4.2.3/lib/rails/initializable.rb:54:in `run_initializers'
	from /home/greg/.rvm/gems/ruby-2.2.2@McBlooms/gems/railties-4.2.3/lib/rails/application.rb:352:in `initialize!'
	from /home/greg/workspace/McBlooms/config/environment.rb:5:in `<top (required)>'
	from config.ru:4:in `require'
	from config.ru:4:in `block in <main>'
	from /home/greg/.rvm/gems/ruby-2.2.2@McBlooms/gems/rack-1.6.4/lib/rack/builder.rb:55:in `instance_eval'
	from /home/greg/.rvm/gems/ruby-2.2.2@McBlooms/gems/rack-1.6.4/lib/rack/builder.rb:55:in `initialize'
	from config.ru:1:in `new'
	from config.ru:1:in `<main>'
	from /home/greg/.rvm/gems/ruby-2.2.2@McBlooms/gems/unicorn-4.9.0/lib/unicorn.rb:48:in `eval'
	from /home/greg/.rvm/gems/ruby-2.2.2@McBlooms/gems/unicorn-4.9.0/lib/unicorn.rb:48:in `block in builder'
	from /home/greg/.rvm/gems/ruby-2.2.2@McBlooms/gems/unicorn-4.9.0/lib/unicorn/http_server.rb:768:in `call'
	from /home/greg/.rvm/gems/ruby-2.2.2@McBlooms/gems/unicorn-4.9.0/lib/unicorn/http_server.rb:768:in `build_app!'
	from /home/greg/.rvm/gems/ruby-2.2.2@McBlooms/gems/unicorn-4.9.0/lib/unicorn/http_server.rb:137:in `start'
	from /home/greg/.rvm/gems/ruby-2.2.2@McBlooms/gems/unicorn-4.9.0/bin/unicorn:126:in `<top (required)>'
	from /home/greg/.rvm/gems/ruby-2.2.2@McBlooms/bin/unicorn:23:in `load'
	from /home/greg/.rvm/gems/ruby-2.2.2@McBlooms/bin/unicorn:23:in `<main>'
	from /home/greg/.rvm/gems/ruby-2.2.2@McBlooms/bin/ruby_executable_hooks:15:in `eval'
	from /home/greg/.rvm/gems/ruby-2.2.2@McBlooms/bin/ruby_executable_hooks:15:in `<main>'
I, [2015-08-19T11:24:12.352805 #2640]  INFO -- : Refreshing Gem list
I, [2015-08-19T11:24:14.751960 #2640]  INFO -- : listening on addr=/home/greg/workspace/McBlooms/shared/sockets/unicorn.sock fd=10
I, [2015-08-19T11:24:14.752156 #2640]  INFO -- : worker=0 spawning...
I, [2015-08-19T11:24:14.754857 #2640]  INFO -- : worker=1 spawning...
I, [2015-08-19T11:24:14.755448 #2642]  INFO -- : worker=0 spawned pid=2642
I, [2015-08-19T11:24:14.757077 #2640]  INFO -- : master process ready
I, [2015-08-19T11:24:14.757786 #2645]  INFO -- : worker=1 spawned pid=2645
I, [2015-08-19T11:24:14.760908 #2642]  INFO -- : worker=0 ready
I, [2015-08-19T11:24:14.762984 #2645]  INFO -- : worker=1 ready
I, [2015-08-19T11:24:18.249253 #2640]  INFO -- : reaped #<Process::Status: pid 2642 exit 0> worker=0
I, [2015-08-19T11:24:18.249356 #2640]  INFO -- : reaped #<Process::Status: pid 2645 exit 0> worker=1
I, [2015-08-19T11:24:18.249661 #2640]  INFO -- : master complete
I, [2015-08-19T11:24:37.598713 #2653]  INFO -- : Refreshing Gem list
I, [2015-08-19T11:24:39.160992 #2653]  INFO -- : unlinking existing socket=/home/greg/workspace/McBlooms/shared/sockets/unicorn.sock
I, [2015-08-19T11:24:39.161191 #2653]  INFO -- : listening on addr=/home/greg/workspace/McBlooms/shared/sockets/unicorn.sock fd=10
I, [2015-08-19T11:24:39.161293 #2653]  INFO -- : worker=0 spawning...
I, [2015-08-19T11:24:39.163998 #2653]  INFO -- : worker=1 spawning...
I, [2015-08-19T11:24:39.164403 #2655]  INFO -- : worker=0 spawned pid=2655
I, [2015-08-19T11:24:39.166232 #2653]  INFO -- : master process ready
I, [2015-08-19T11:24:39.166892 #2658]  INFO -- : worker=1 spawned pid=2658
I, [2015-08-19T11:24:39.168455 #2655]  INFO -- : worker=0 ready
I, [2015-08-19T11:24:39.172257 #2658]  INFO -- : worker=1 ready
I, [2015-08-19T11:28:39.863550 #2653]  INFO -- : reaped #<Process::Status: pid 2655 exit 0> worker=0
I, [2015-08-19T11:28:39.863693 #2653]  INFO -- : reaped #<Process::Status: pid 2658 exit 0> worker=1
I, [2015-08-19T11:28:39.863983 #2653]  INFO -- : master complete
I, [2015-08-19T14:38:07.853580 #3630]  INFO -- : Refreshing Gem list
/home/greg/workspace/McBlooms/app/helpers/menu_helper.rb:2: warning: circular argument reference - request
/home/greg/workspace/McBlooms/app/controllers/categories_controller.rb:2:in `<class:CategoriesController>': undefined method `load_and_authorize_resource' for CategoriesController:Class (NoMethodError)
	from /home/greg/workspace/McBlooms/app/controllers/categories_controller.rb:1:in `<top (required)>'
	from /home/greg/.rvm/gems/ruby-2.2.2@McBlooms/gems/activesupport-4.2.3/lib/active_support/dependencies.rb:360:in `require'
	from /home/greg/.rvm/gems/ruby-2.2.2@McBlooms/gems/activesupport-4.2.3/lib/active_support/dependencies.rb:360:in `require_or_load'
	from /home/greg/.rvm/gems/ruby-2.2.2@McBlooms/gems/activesupport-4.2.3/lib/active_support/dependencies.rb:317:in `depend_on'
	from /home/greg/.rvm/gems/ruby-2.2.2@McBlooms/gems/activesupport-4.2.3/lib/active_support/dependencies.rb:233:in `require_dependency'
	from /home/greg/.rvm/gems/ruby-2.2.2@McBlooms/gems/railties-4.2.3/lib/rails/engine.rb:472:in `block (2 levels) in eager_load!'
	from /home/greg/.rvm/gems/ruby-2.2.2@McBlooms/gems/railties-4.2.3/lib/rails/engine.rb:471:in `each'
	from /home/greg/.rvm/gems/ruby-2.2.2@McBlooms/gems/railties-4.2.3/lib/rails/engine.rb:471:in `block in eager_load!'
	from /home/greg/.rvm/gems/ruby-2.2.2@McBlooms/gems/railties-4.2.3/lib/rails/engine.rb:469:in `each'
	from /home/greg/.rvm/gems/ruby-2.2.2@McBlooms/gems/railties-4.2.3/lib/rails/engine.rb:469:in `eager_load!'
	from /home/greg/.rvm/gems/ruby-2.2.2@McBlooms/gems/railties-4.2.3/lib/rails/engine.rb:346:in `eager_load!'
	from /home/greg/.rvm/gems/ruby-2.2.2@McBlooms/gems/railties-4.2.3/lib/rails/application/finisher.rb:56:in `each'
	from /home/greg/.rvm/gems/ruby-2.2.2@McBlooms/gems/railties-4.2.3/lib/rails/application/finisher.rb:56:in `block in <module:Finisher>'
	from /home/greg/.rvm/gems/ruby-2.2.2@McBlooms/gems/railties-4.2.3/lib/rails/initializable.rb:30:in `instance_exec'
	from /home/greg/.rvm/gems/ruby-2.2.2@McBlooms/gems/railties-4.2.3/lib/rails/initializable.rb:30:in `run'
	from /home/greg/.rvm/gems/ruby-2.2.2@McBlooms/gems/railties-4.2.3/lib/rails/initializable.rb:55:in `block in run_initializers'
	from /home/greg/.rvm/rubies/ruby-2.2.2/lib/ruby/2.2.0/tsort.rb:226:in `block in tsort_each'
	from /home/greg/.rvm/rubies/ruby-2.2.2/lib/ruby/2.2.0/tsort.rb:348:in `block (2 levels) in each_strongly_connected_component'
	from /home/greg/.rvm/rubies/ruby-2.2.2/lib/ruby/2.2.0/tsort.rb:429:in `each_strongly_connected_component_from'
	from /home/greg/.rvm/rubies/ruby-2.2.2/lib/ruby/2.2.0/tsort.rb:347:in `block in each_strongly_connected_component'
	from /home/greg/.rvm/rubies/ruby-2.2.2/lib/ruby/2.2.0/tsort.rb:345:in `each'
	from /home/greg/.rvm/rubies/ruby-2.2.2/lib/ruby/2.2.0/tsort.rb:345:in `call'
	from /home/greg/.rvm/rubies/ruby-2.2.2/lib/ruby/2.2.0/tsort.rb:345:in `each_strongly_connected_component'
	from /home/greg/.rvm/rubies/ruby-2.2.2/lib/ruby/2.2.0/tsort.rb:224:in `tsort_each'
	from /home/greg/.rvm/rubies/ruby-2.2.2/lib/ruby/2.2.0/tsort.rb:203:in `tsort_each'
	from /home/greg/.rvm/gems/ruby-2.2.2@McBlooms/gems/railties-4.2.3/lib/rails/initializable.rb:54:in `run_initializers'
	from /home/greg/.rvm/gems/ruby-2.2.2@McBlooms/gems/railties-4.2.3/lib/rails/application.rb:352:in `initialize!'
	from /home/greg/workspace/McBlooms/config/environment.rb:5:in `<top (required)>'
	from config.ru:4:in `require'
	from config.ru:4:in `block in <main>'
	from /home/greg/.rvm/gems/ruby-2.2.2@McBlooms/gems/rack-1.6.4/lib/rack/builder.rb:55:in `instance_eval'
	from /home/greg/.rvm/gems/ruby-2.2.2@McBlooms/gems/rack-1.6.4/lib/rack/builder.rb:55:in `initialize'
	from config.ru:1:in `new'
	from config.ru:1:in `<main>'
	from /home/greg/.rvm/gems/ruby-2.2.2@McBlooms/gems/unicorn-4.9.0/lib/unicorn.rb:48:in `eval'
	from /home/greg/.rvm/gems/ruby-2.2.2@McBlooms/gems/unicorn-4.9.0/lib/unicorn.rb:48:in `block in builder'
	from /home/greg/.rvm/gems/ruby-2.2.2@McBlooms/gems/unicorn-4.9.0/lib/unicorn/http_server.rb:768:in `call'
	from /home/greg/.rvm/gems/ruby-2.2.2@McBlooms/gems/unicorn-4.9.0/lib/unicorn/http_server.rb:768:in `build_app!'
	from /home/greg/.rvm/gems/ruby-2.2.2@McBlooms/gems/unicorn-4.9.0/lib/unicorn/http_server.rb:137:in `start'
	from /home/greg/.rvm/gems/ruby-2.2.2@McBlooms/gems/unicorn-4.9.0/bin/unicorn:126:in `<top (required)>'
	from /home/greg/.rvm/gems/ruby-2.2.2@McBlooms/bin/unicorn:23:in `load'
	from /home/greg/.rvm/gems/ruby-2.2.2@McBlooms/bin/unicorn:23:in `<main>'
	from /home/greg/.rvm/gems/ruby-2.2.2@McBlooms/bin/ruby_executable_hooks:15:in `eval'
	from /home/greg/.rvm/gems/ruby-2.2.2@McBlooms/bin/ruby_executable_hooks:15:in `<main>'
